Arguments: 
  C:\Program Files\nodejs\node.exe C:\Users\ADMIN\AppData\Roaming\npm\node_modules\yarn\bin\yarn.js add express morgan dotenv mongoose cors nodemon jsonwebtoken passport passport-google-oauth body-parser graphql wt-decode multer

PATH: 
  C:\WINDOWS\system32;C:\WINDOWS;C:\WINDOWS\System32\Wbem;C:\WINDOWS\System32\WindowsPowerShell\v1.0\;C:\WINDOWS\System32\OpenSSH\;C:\Program Files\Git\cmd;C:\Users\ADMIN\Desktop\Python-2.7.17\Python-2.7.17;C:\Program Files\TortoiseGit\bin;C:\Program Files\nodejs\;C:\ProgramData\DockerDesktop\version-bin;C:\Users\ADMIN\AppData\Local\pnpm;E:\Ruby31-x64\bin;C:\Users\ADMIN\AppData\Local\Microsoft\WindowsApps;D:\Microsoft VS Code\bin;C:\Users\ADMIN\Desktop\ninja-win;C:\Python27;C:\Program Files\heroku\bin;C:\Users\ADMIN\AppData\Roaming\npm

Yarn version: 
  1.22.17

Node version: 
  18.5.0

Platform: 
  win32 x64

Trace: 
  Error: https://registry.yarnpkg.com/wt-decode: Not found
      at params.callback [as _callback] (C:\Users\ADMIN\AppData\Roaming\npm\node_modules\yarn\lib\cli.js:67029:18)
      at self.callback (C:\Users\ADMIN\AppData\Roaming\npm\node_modules\yarn\lib\cli.js:140883:22)
      at Request.emit (node:events:537:28)
      at Request.<anonymous> (C:\Users\ADMIN\AppData\Roaming\npm\node_modules\yarn\lib\cli.js:141855:10)
      at Request.emit (node:events:537:28)
      at IncomingMessage.<anonymous> (C:\Users\ADMIN\AppData\Roaming\npm\node_modules\yarn\lib\cli.js:141777:12)
      at Object.onceWrapper (node:events:651:28)
      at IncomingMessage.emit (node:events:549:35)
      at endReadableNT (node:internal/streams/readable:1359:12)
      at process.processTicksAndRejections (node:internal/process/task_queues:82:21)

npm manifest: 
  {
    "name": "VN_Space_API",
    "version": "1.0.0",
    "main": "index.js",
    "repository": "https://github.com/VN-Space/VN_Space_API.git",
    "author": "hoanghuy <hhhuy17101998@gmail.com>",
    "license": "MIT"
  }

yarn manifest: 
  No manifest

Lockfile: 
  # THIS IS AN AUTOGENERATED FILE. DO NOT EDIT THIS FILE DIRECTLY.
  # yarn lockfile v1
